<?xml version="1.0" encoding="UTF-8"?>
<!-- Generated by org.testng.reporters.JUnitXMLReporter -->
<testsuite ignored="0" hostname="SACHIN" failures="0" tests="4" name="Test" time="22.678" errors="0" timestamp="2024-01-02T00:31:52 IST">
  <testcase classname="e_commerce.Flipkart" name="flipkartTest" time="9.522"/>
  <testcase classname="e_commerce.ajio" name="ajioTest" time="6.25"/>
  <testcase classname="e_commerce.meesho" name="meeshoTest" time="3.357"/>
  <testcase classname="e_commerce.amazon" name="amazonTest" time="3.502"/>
</testsuite> <!-- Test -->
