<?xml version="1.0" encoding="UTF-8"?>
<testng-results ignored="0" total="1" passed="1" failed="0" skipped="0">
  <reporter-output>
    <line>
      <![CDATA[Opening Nykaa Page]]>
    </line>
  </reporter-output>
  <suite started-at="2024-01-08T14:18:05 IST" name="Default suite" finished-at="2024-01-08T14:18:14 IST" duration-ms="9473">
    <groups>
    </groups>
    <test started-at="2024-01-08T14:18:05 IST" name="Default test" finished-at="2024-01-08T14:18:14 IST" duration-ms="9473">
      <class name="e_commerce.nykaa">
        <test-method signature="nykaaTest()[pri:0, instance:e_commerce.nykaa@2b48a640]" started-at="2024-01-08T14:18:05 IST" name="nykaaTest" finished-at="2024-01-08T14:18:14 IST" duration-ms="9409" status="PASS">
          <reporter-output>
            <line>
              <![CDATA[Opening Nykaa Page]]>
            </line>
          </reporter-output>
        </test-method> <!-- nykaaTest -->
      </class> <!-- e_commerce.nykaa -->
    </test> <!-- Default test -->
  </suite> <!-- Default suite -->
</testng-results>
